<?xml version="1.0" encoding="UTF-8"?>
<testsuite name="HomePageTest"
           tests="3"
           failures="0"
           errors="0"
           skipped="0"
           time="0.555">
  <properties />
  
  
            <testcase name="verifyServicesLinkIsDisplayed" time="0.088" classname="uk.harrow.gov.testsuite.HomePageTest" />
                <testcase name="verifyHarrowCouncilLogoIsDisplayed" time="0.302" classname="uk.harrow.gov.testsuite.HomePageTest" />
                <testcase name="verifyLoginLinkIsDisplayed" time="0.165" classname="uk.harrow.gov.testsuite.HomePageTest" />
      
</testsuite>
